2025-06-10 22:29:17,534 [INFO] Activator:176 - 


2025-06-10 22:29:17,534 [INFO] Activator:177 - !SESSION log4j initialized
2025-06-10 22:29:27,797 [INFO] LogOutputStream:77 - [STDOUT_REDIRECT] 
2025-06-10 22:29:31,261 [INFO] ApplicationProperties:184 - Using Application install path: C:\ST\STM32CubeIDE_1.17.0\STM32CubeIDE\plugins\com.st.stm32cube.common.mx_6.13.0.202411220809
2025-06-10 22:29:31,285 [INFO] DbMcusXml:78 - Set database path to: C:\ST\STM32CubeIDE_1.17.0\STM32CubeIDE\plugins\com.st.stm32cube.common.mx_6.13.0.202411220809\\db\/mcu/
2025-06-10 22:29:31,285 [INFO] ApiDb:274 - Set plugin database path to: C:\ST\STM32CubeIDE_1.17.0\STM32CubeIDE\plugins\com.st.stm32cube.common.mx_6.13.0.202411220809\\db\/plugins/boardmanager/
2025-06-10 22:29:31,285 [WARN] ApiDb:259 - Overriding images path with different value:  => C:\ST\STM32CubeIDE_1.17.0\STM32CubeIDE\plugins\com.st.stm32cube.common.mx_6.13.0.202411220809\\db\/plugins/mcufinder/images/
2025-06-10 22:29:31,298 [INFO] ApiDb:250 - Set database path to: C:\Users\a0979\.stmcufinder\plugins\mcufinder//mcu/
2025-06-10 22:29:31,298 [INFO] DbMcusAds:125 - Set database path to: C:\Users\a0979\.stmcufinder\plugins\mcufinder//mcu/
2025-06-10 22:29:31,298 [INFO] CrossReferenceDbSqlite:203 - Set database path to: C:\Users\a0979\.stmcufinder\plugins\mcufinder//mcu/cs/
2025-06-10 22:29:31,612 [INFO] RulesReader:64 - Compatibility file has been processed (297 Rules)
2025-06-10 22:29:31,736 [INFO] DbMcusXml:78 - Set database path to: C:\ST\STM32CubeIDE_1.17.0\STM32CubeIDE\plugins\com.st.stm32cube.common.mx_6.13.0.202411220809\\db\/mcu/
2025-06-10 22:29:31,736 [INFO] ApiDb:274 - Set plugin database path to: C:\ST\STM32CubeIDE_1.17.0\STM32CubeIDE\plugins\com.st.stm32cube.common.mx_6.13.0.202411220809\\db\/plugins/boardmanager/
2025-06-10 22:29:31,736 [INFO] ApiDb:261 - Set plugin images path to: C:\ST\STM32CubeIDE_1.17.0\STM32CubeIDE\plugins\com.st.stm32cube.common.mx_6.13.0.202411220809\\db\/plugins/mcufinder/images/
2025-06-10 22:29:31,736 [WARN] DbFile:41 - Overriding database path with different value: C:\Users\a0979\.stmcufinder\plugins\mcufinder/ => C:\Users\a0979\.stmcufinder\plugins\mcufinder
2025-06-10 22:29:31,736 [INFO] ApiDb:250 - Set database path to: C:\Users\a0979\.stmcufinder\plugins\mcufinder//mcu/
2025-06-10 22:29:31,736 [WARN] DbFile:41 - Overriding database path with different value: C:\Users\a0979\.stmcufinder\plugins\mcufinder/ => C:\Users\a0979\.stmcufinder\plugins\mcufinder
2025-06-10 22:29:31,736 [INFO] DbMcusAds:125 - Set database path to: C:\Users\a0979\.stmcufinder\plugins\mcufinder//mcu/
2025-06-10 22:29:31,736 [WARN] DbFile:41 - Overriding database path with different value: C:\Users\a0979\.stmcufinder\plugins\mcufinder/ => C:\Users\a0979\.stmcufinder\plugins\mcufinder
2025-06-10 22:29:31,736 [WARN] DbFile:41 - Overriding database path with different value: C:\Users\a0979\.stmcufinder\plugins\mcufinder/ => C:\Users\a0979\.stmcufinder\plugins\mcufinder
2025-06-10 22:29:31,736 [INFO] CrossReferenceDbSqlite:203 - Set database path to: C:\Users\a0979\.stmcufinder\plugins\mcufinder//mcu/cs/
2025-06-10 22:29:31,885 [INFO] MainPanel:272 - HeapMemory: 268435456
2025-06-10 22:29:32,119 [INFO] DbMcusXml:78 - Set database path to: C:\ST\STM32CubeIDE_1.17.0\STM32CubeIDE\plugins\com.st.stm32cube.common.mx_6.13.0.202411220809\\db\/mcu/
2025-06-10 22:29:32,121 [INFO] ApiDb:274 - Set plugin database path to: C:\ST\STM32CubeIDE_1.17.0\STM32CubeIDE\plugins\com.st.stm32cube.common.mx_6.13.0.202411220809\\db\/plugins/boardmanager/
2025-06-10 22:29:32,121 [INFO] ApiDb:261 - Set plugin images path to: C:\ST\STM32CubeIDE_1.17.0\STM32CubeIDE\plugins\com.st.stm32cube.common.mx_6.13.0.202411220809\\db\/plugins/mcufinder/images/
2025-06-10 22:29:32,121 [WARN] DbFile:41 - Overriding database path with different value: C:\Users\a0979\.stmcufinder\plugins\mcufinder/ => C:\Users\a0979\.stmcufinder\plugins\mcufinder
2025-06-10 22:29:32,121 [INFO] ApiDb:250 - Set database path to: C:\Users\a0979\.stmcufinder\plugins\mcufinder//mcu/
2025-06-10 22:29:32,122 [WARN] DbFile:41 - Overriding database path with different value: C:\Users\a0979\.stmcufinder\plugins\mcufinder/ => C:\Users\a0979\.stmcufinder\plugins\mcufinder
2025-06-10 22:29:32,122 [INFO] DbMcusAds:125 - Set database path to: C:\Users\a0979\.stmcufinder\plugins\mcufinder//mcu/
2025-06-10 22:29:32,122 [WARN] DbFile:41 - Overriding database path with different value: C:\Users\a0979\.stmcufinder\plugins\mcufinder/ => C:\Users\a0979\.stmcufinder\plugins\mcufinder
2025-06-10 22:29:32,122 [WARN] DbFile:41 - Overriding database path with different value: C:\Users\a0979\.stmcufinder\plugins\mcufinder/ => C:\Users\a0979\.stmcufinder\plugins\mcufinder
2025-06-10 22:29:32,122 [INFO] CrossReferenceDbSqlite:203 - Set database path to: C:\Users\a0979\.stmcufinder\plugins\mcufinder//mcu/cs/
2025-06-10 22:29:32,146 [INFO] ApplicationProperties:184 - Using Application install path: C:\ST\STM32CubeIDE_1.17.0\STM32CubeIDE\plugins\com.st.stm32cube.common.mx_6.13.0.202411220809
2025-06-10 22:29:32,158 [INFO] PluginManage:196 - Search for loadable plugins [exclusion list=, ]
2025-06-10 22:29:32,161 [INFO] PluginManage:310 - Check plugin analytics
2025-06-10 22:29:32,597 [INFO] AnalyticsPlugin:253 - Accepted Software Licenses: 
2025-06-10 22:29:32,597 [INFO] AnalyticsPlugin:255 - Accepted CMSIS Pack Licenses: STMicroelectronics.X-CUBE-BLE1.7.0.0,STMicroelectronics.X-CUBE-AI.10.0.0,STMicroelectronics.X-CUBE-BLE2.3.3.0
2025-06-10 22:29:32,597 [INFO] AnalyticsPlugin:257 - Accepted Firmware Licenses: FW.L4.1.18.0,FW.F4.1.28.0
2025-06-10 22:29:32,597 [INFO] PluginManage:359 - Loaded plugin analytics (category:tool,tabindex:-1)
2025-06-10 22:29:32,606 [INFO] PluginManage:310 - Check plugin cadmodel
2025-06-10 22:29:32,630 [INFO] CADModel:105 - Init CAD model plugin
2025-06-10 22:29:32,630 [INFO] PluginManage:359 - Loaded plugin cadmodel (category:power,tabindex:5)
2025-06-10 22:29:32,630 [INFO] PluginManage:310 - Check plugin clock
2025-06-10 22:29:32,654 [INFO] PluginManage:359 - Loaded plugin clock (category:base,tabindex:2)
2025-06-10 22:29:32,654 [INFO] PluginManage:310 - Check plugin ddr
2025-06-10 22:29:32,654 [INFO] PluginManage:359 - Loaded plugin ddr (category:tool,tabindex:6)
2025-06-10 22:29:32,654 [INFO] PluginManage:310 - Check plugin filemanager
2025-06-10 22:29:32,907 [INFO] PluginManage:359 - Loaded plugin filemanager (category:base,tabindex:10)
2025-06-10 22:29:32,907 [INFO] PluginManage:310 - Check plugin ipmanager
2025-06-10 22:29:32,921 [INFO] PluginManage:359 - Loaded plugin ipmanager (category:base,tabindex:5)
2025-06-10 22:29:32,926 [INFO] PluginManage:310 - Check plugin lpbam
2025-06-10 22:29:32,955 [INFO] PluginManage:359 - Loaded plugin lpbam (category:base,tabindex:0)
2025-06-10 22:29:32,955 [INFO] PluginManage:310 - Check plugin memorymap
2025-06-10 22:29:32,992 [INFO] PluginManage:359 - Loaded plugin memorymap (category:base,tabindex:4)
2025-06-10 22:29:32,992 [INFO] PluginManage:310 - Check plugin pinoutandconfiguration
2025-06-10 22:29:33,006 [INFO] PluginManage:359 - Loaded plugin pinoutandconfiguration (category:base,tabindex:1)
2025-06-10 22:29:33,006 [INFO] PluginManage:310 - Check plugin pinoutconfig
2025-06-10 22:29:33,200 [WARN] SupportedApi:132 - Cannot load RTOS API schema: s4s-elt-must-match.1: The content of 'definitions' must match (annotation?, (simpleType | complexType)?, (unique | key | keyref)*)). A problem was found starting at: attribute.
2025-06-10 22:29:33,503 [INFO] PluginManage:359 - Loaded plugin pinoutconfig (category:base,tabindex:0)
2025-06-10 22:29:33,503 [INFO] PluginManage:310 - Check plugin power
2025-06-10 22:29:33,563 [INFO] PluginManage:359 - Loaded plugin power (category:power,tabindex:4)
2025-06-10 22:29:33,563 [INFO] PluginManage:310 - Check plugin projectmanager
2025-06-10 22:29:33,576 [INFO] PluginManage:359 - Loaded plugin projectmanager (category:projectmanager,tabindex:4)
2025-06-10 22:29:33,576 [INFO] PluginManage:310 - Check plugin rif
2025-06-10 22:29:33,596 [INFO] PluginManage:359 - Loaded plugin rif (category:base,tabindex:3)
2025-06-10 22:29:33,597 [INFO] PluginManage:310 - Check plugin thirdparty
2025-06-10 22:29:34,232 [INFO] PluginManage:359 - Loaded plugin thirdparty (category:base,tabindex:-1)
2025-06-10 22:29:34,242 [INFO] PluginManage:310 - Check plugin tools
2025-06-10 22:29:34,242 [WARN] IntegrityCheckThread:84 - waiting for thirdparty lock release [integrity check]
2025-06-10 22:29:34,242 [INFO] IntegrityCheckThread:86 - entering critical section [integrity check]
2025-06-10 22:29:34,242 [INFO] ThirdPartyUpdaterWithRetryManager:70 - Updater plugin not ready yet. [1/15]
2025-06-10 22:29:34,278 [INFO] PluginManage:359 - Loaded plugin tools (category:base,tabindex:7)
2025-06-10 22:29:34,278 [INFO] PluginManage:310 - Check plugin tutovideos
2025-06-10 22:29:34,617 [INFO] PluginManage:359 - Loaded plugin tutovideos (category:base,tabindex:-1)
2025-06-10 22:29:34,617 [INFO] PluginManage:310 - Check plugin updater
2025-06-10 22:29:34,666 [INFO] PluginManage:359 - Loaded plugin updater (category:base,tabindex:12)
2025-06-10 22:29:34,666 [INFO] PluginManage:310 - Check plugin userauth
2025-06-10 22:29:34,676 [INFO] UserAuth:118 - Init User Auth plugin
2025-06-10 22:29:34,678 [INFO] PluginManage:359 - Loaded plugin userauth (category:base,tabindex:14)
2025-06-10 22:29:34,678 [INFO] PluginManage:283 - PluginManage : Loaded plugins [18]
2025-06-10 22:29:35,065 [INFO] PinOutPanel:1589 - setPackage(No Configuration,No Configuration)
2025-06-10 22:29:35,259 [INFO] CADModel:165 - CPN selected for project level
2025-06-10 22:29:35,259 [INFO] CADModel:114 - Register for checkConnection events
2025-06-10 22:29:35,308 [INFO] IPUIPlugin:80 - create IPUIPlugin
2025-06-10 22:29:35,308 [INFO] PluginManager:220 - loadIPPluginJar : add adc
2025-06-10 22:29:35,393 [INFO] IPUIPlugin:80 - create IPUIPlugin
2025-06-10 22:29:35,393 [INFO] PluginManager:220 - loadIPPluginJar : add aes
2025-06-10 22:29:35,538 [INFO] IPUIPlugin:80 - create IPUIPlugin
2025-06-10 22:29:35,538 [INFO] PluginManager:220 - loadIPPluginJar : add can
2025-06-10 22:29:35,636 [INFO] IPUIPlugin:80 - create IPUIPlugin
2025-06-10 22:29:35,636 [INFO] PluginManager:220 - loadIPPluginJar : add comp
2025-06-10 22:29:35,720 [INFO] IPUIPlugin:80 - create IPUIPlugin
2025-06-10 22:29:35,720 [INFO] PluginManager:220 - loadIPPluginJar : add cryp
2025-06-10 22:29:35,768 [INFO] IPUIPlugin:80 - create IPUIPlugin
2025-06-10 22:29:35,768 [INFO] PluginManager:220 - loadIPPluginJar : add ddr_ctrl_phy
2025-06-10 22:29:35,914 [INFO] IPUIPlugin:80 - create IPUIPlugin
2025-06-10 22:29:35,914 [INFO] PluginManager:220 - loadIPPluginJar : add dfsdm
2025-06-10 22:29:35,941 [INFO] IPUIPlugin:80 - create IPUIPlugin
2025-06-10 22:29:35,941 [INFO] PluginManager:220 - loadIPPluginJar : add dma
2025-06-10 22:29:36,107 [INFO] IPUIPlugin:80 - create IPUIPlugin
2025-06-10 22:29:36,107 [INFO] PluginManager:220 - loadIPPluginJar : add dma3
2025-06-10 22:29:36,180 [INFO] IPUIPlugin:80 - create IPUIPlugin
2025-06-10 22:29:36,180 [INFO] PluginManager:220 - loadIPPluginJar : add extmemmanager
2025-06-10 22:29:36,204 [INFO] IPUIPlugin:80 - create IPUIPlugin
2025-06-10 22:29:36,204 [INFO] PluginManager:220 - loadIPPluginJar : add fatfs
2025-06-10 22:29:36,241 [INFO] IPUIPlugin:80 - create IPUIPlugin
2025-06-10 22:29:36,241 [INFO] PluginManager:220 - loadIPPluginJar : add fmc
2025-06-10 22:29:36,277 [INFO] IPUIPlugin:80 - create IPUIPlugin
2025-06-10 22:29:36,277 [INFO] PluginManager:220 - loadIPPluginJar : add freertos
2025-06-10 22:29:36,289 [INFO] IPUIPlugin:80 - create IPUIPlugin
2025-06-10 22:29:36,289 [INFO] PluginManager:220 - loadIPPluginJar : add genericplugin
2025-06-10 22:29:36,496 [INFO] IPUIPlugin:80 - create IPUIPlugin
2025-06-10 22:29:36,496 [INFO] PluginManager:220 - loadIPPluginJar : add gfxmmu
2025-06-10 22:29:36,936 [INFO] IPUIPlugin:80 - create IPUIPlugin
2025-06-10 22:29:36,936 [INFO] PluginManager:220 - loadIPPluginJar : add gic
2025-06-10 22:29:36,972 [INFO] IPUIPlugin:80 - create IPUIPlugin
2025-06-10 22:29:36,972 [INFO] PluginManager:220 - loadIPPluginJar : add gpio
2025-06-10 22:29:37,247 [INFO] ThirdPartyUpdaterWithRetryManager:70 - Updater plugin not ready yet. [2/15]
2025-06-10 22:29:37,338 [INFO] IPUIPlugin:80 - create IPUIPlugin
2025-06-10 22:29:37,338 [INFO] PluginManager:220 - loadIPPluginJar : add gtzc
2025-06-10 22:29:37,417 [INFO] IPUIPlugin:80 - create IPUIPlugin
2025-06-10 22:29:37,417 [INFO] PluginManager:220 - loadIPPluginJar : add hash
2025-06-10 22:29:37,539 [INFO] IPUIPlugin:80 - create IPUIPlugin
2025-06-10 22:29:37,539 [INFO] PluginManager:220 - loadIPPluginJar : add i2c
2025-06-10 22:29:37,598 [INFO] IPUIPlugin:80 - create IPUIPlugin
2025-06-10 22:29:37,598 [INFO] PluginManager:220 - loadIPPluginJar : add i2s
2025-06-10 22:29:37,804 [INFO] IPUIPlugin:80 - create IPUIPlugin
2025-06-10 22:29:37,804 [INFO] PluginManager:220 - loadIPPluginJar : add i3c
2025-06-10 22:29:38,168 [INFO] IPUIPlugin:80 - create IPUIPlugin
2025-06-10 22:29:38,168 [INFO] PluginManager:220 - loadIPPluginJar : add ipddr
2025-06-10 22:29:38,483 [INFO] IPUIPlugin:80 - create IPUIPlugin
2025-06-10 22:29:38,483 [INFO] PluginManager:220 - loadIPPluginJar : add linkedlist
2025-06-10 22:29:38,530 [INFO] IPUIPlugin:80 - create IPUIPlugin
2025-06-10 22:29:38,530 [INFO] PluginManager:220 - loadIPPluginJar : add lorawan
2025-06-10 22:29:38,676 [INFO] IPUIPlugin:80 - create IPUIPlugin
2025-06-10 22:29:38,676 [INFO] PluginManager:220 - loadIPPluginJar : add ltdc
2025-06-10 22:29:38,713 [INFO] IPUIPlugin:80 - create IPUIPlugin
2025-06-10 22:29:38,713 [INFO] PluginManager:220 - loadIPPluginJar : add mdma
2025-06-10 22:29:38,750 [INFO] IPUIPlugin:80 - create IPUIPlugin
2025-06-10 22:29:38,750 [INFO] PluginManager:220 - loadIPPluginJar : add nvic
2025-06-10 22:29:38,896 [INFO] IPUIPlugin:80 - create IPUIPlugin
2025-06-10 22:29:38,898 [INFO] PluginManager:220 - loadIPPluginJar : add opamp
2025-06-10 22:29:39,112 [INFO] IPUIPlugin:80 - create IPUIPlugin
2025-06-10 22:29:39,112 [INFO] PluginManager:220 - loadIPPluginJar : add openamp
2025-06-10 22:29:39,185 [INFO] IPUIPlugin:80 - create IPUIPlugin
2025-06-10 22:29:39,185 [INFO] PluginManager:220 - loadIPPluginJar : add pdm2pcm
2025-06-10 22:29:39,197 [INFO] IPUIPlugin:80 - create IPUIPlugin
2025-06-10 22:29:39,197 [INFO] PluginManager:220 - loadIPPluginJar : add plateformsettings
2025-06-10 22:29:39,281 [INFO] IPUIPlugin:80 - create IPUIPlugin
2025-06-10 22:29:39,281 [INFO] PluginManager:220 - loadIPPluginJar : add quadspi
2025-06-10 22:29:39,342 [INFO] IPUIPlugin:80 - create IPUIPlugin
2025-06-10 22:29:39,342 [INFO] PluginManager:220 - loadIPPluginJar : add radio
2025-06-10 22:29:39,378 [INFO] IPUIPlugin:80 - create IPUIPlugin
2025-06-10 22:29:39,378 [INFO] PluginManager:220 - loadIPPluginJar : add resmgrutility
2025-06-10 22:29:39,463 [INFO] IPUIPlugin:80 - create IPUIPlugin
2025-06-10 22:29:39,463 [INFO] PluginManager:220 - loadIPPluginJar : add sai
2025-06-10 22:29:39,597 [INFO] IPUIPlugin:80 - create IPUIPlugin
2025-06-10 22:29:39,597 [INFO] PluginManager:220 - loadIPPluginJar : add spi
2025-06-10 22:29:39,791 [INFO] IPUIPlugin:80 - create IPUIPlugin
2025-06-10 22:29:39,791 [INFO] PluginManager:220 - loadIPPluginJar : add stm32_wpan
2025-06-10 22:29:39,827 [INFO] IPUIPlugin:80 - create IPUIPlugin
2025-06-10 22:29:39,827 [INFO] PluginManager:220 - loadIPPluginJar : add tim
2025-06-10 22:29:39,997 [INFO] IPUIPlugin:80 - create IPUIPlugin
2025-06-10 22:29:39,997 [INFO] PluginManager:220 - loadIPPluginJar : add touchsensing
2025-06-10 22:29:40,021 [INFO] IPUIPlugin:80 - create IPUIPlugin
2025-06-10 22:29:40,021 [INFO] PluginManager:220 - loadIPPluginJar : add tracer_emb
2025-06-10 22:29:40,106 [INFO] IPUIPlugin:80 - create IPUIPlugin
2025-06-10 22:29:40,106 [INFO] PluginManager:220 - loadIPPluginJar : add ts
2025-06-10 22:29:40,142 [INFO] IPUIPlugin:80 - create IPUIPlugin
2025-06-10 22:29:40,142 [INFO] PluginManager:220 - loadIPPluginJar : add tsc
2025-06-10 22:29:40,155 [INFO] IPUIPlugin:80 - create IPUIPlugin
2025-06-10 22:29:40,155 [INFO] PluginManager:220 - loadIPPluginJar : add ucpd
2025-06-10 22:29:40,215 [INFO] IPUIPlugin:80 - create IPUIPlugin
2025-06-10 22:29:40,215 [INFO] PluginManager:220 - loadIPPluginJar : add usart
2025-06-10 22:29:40,251 [INFO] ThirdPartyUpdaterWithRetryManager:70 - Updater plugin not ready yet. [3/15]
2025-06-10 22:29:40,372 [INFO] IPUIPlugin:80 - create IPUIPlugin
2025-06-10 22:29:40,372 [INFO] PluginManager:220 - loadIPPluginJar : add usbx
2025-06-10 22:29:40,663 [FATAL] Updater:351 - Updater called before beeing initialized
2025-06-10 22:29:40,802 [INFO] RulesReader:64 - Compatibility file has been processed (297 Rules)
2025-06-10 22:29:40,820 [INFO] RulesReader:64 - Compatibility file has been processed (297 Rules)
2025-06-10 22:29:40,857 [INFO] CADModel:165 - CPN selected for project level
2025-06-10 22:29:40,857 [INFO] CADModel:114 - Register for checkConnection events
2025-06-10 22:29:40,857 [FATAL] Updater:351 - Updater called before beeing initialized
2025-06-10 22:29:40,857 [ERROR] CADModel:125 - Updater not yet initialized, retry later 
2025-06-10 22:29:41,293 [FATAL] Updater:351 - Updater called before beeing initialized
2025-06-10 22:29:41,294 [INFO] CADModel:165 - CPN selected for project level
2025-06-10 22:29:41,294 [INFO] CADModel:114 - Register for checkConnection events
2025-06-10 22:29:41,294 [FATAL] Updater:351 - Updater called before beeing initialized
2025-06-10 22:29:41,294 [ERROR] CADModel:125 - Updater not yet initialized, retry later 
2025-06-10 22:29:41,294 [FATAL] Updater:351 - Updater called before beeing initialized
2025-06-10 22:29:41,648 [FATAL] Updater:351 - Updater called before beeing initialized
2025-06-10 22:29:41,668 [INFO] DbMcusAds:53 - JSON generation date=Wed May 07 17:07:55 CST 2025 (1746608875484)
2025-06-10 22:29:41,668 [FATAL] Updater:351 - Updater called before beeing initialized
2025-06-10 22:29:41,742 [WARN] DetailPanel:346 - Failed to get advertising image, set to default
2025-06-10 22:29:42,190 [FATAL] Updater:351 - Updater called before beeing initialized
2025-06-10 22:29:42,202 [FATAL] Updater:351 - Updater called before beeing initialized
2025-06-10 22:29:42,202 [FATAL] Updater:351 - Updater called before beeing initialized
2025-06-10 22:29:42,202 [WARN] DetailPanel:346 - Failed to get advertising image, set to default
2025-06-10 22:29:42,202 [FATAL] Updater:351 - Updater called before beeing initialized
2025-06-10 22:29:42,384 [ERROR] Updater:1198 - MainUpdater not yet initialized. External WinMGr cannot be set.
2025-06-10 22:29:42,420 [INFO] Updater:1134 - Updater Version found : 6.13.0
2025-06-10 22:29:42,469 [INFO] ApplicationProperties:184 - Using Application install path: C:\ST\STM32CubeIDE_1.17.0\STM32CubeIDE\plugins\com.st.stm32cube.common.mx_6.13.0.202411220809
2025-06-10 22:29:43,256 [INFO] ThirdPartyUpdaterWithRetryManager:70 - Updater plugin not ready yet. [4/15]
2025-06-10 22:29:44,141 [ERROR] LogOutputStream:75 - [STDERR_REDIRECT] Jun 10, 2025 10:29:44 PM java.util.prefs.WindowsPreferences <init>
2025-06-10 22:29:44,141 [ERROR] LogOutputStream:75 - [STDERR_REDIRECT] WARNING: Could not open/create prefs root node Software\JavaSoft\Prefs at root 0xffffffff80000002. Windows RegCreateKeyEx(...) returned error code 5.
2025-06-10 22:29:44,141 [ERROR] LogOutputStream:75 - [STDERR_REDIRECT] 
2025-06-10 22:29:45,280 [INFO] MainUpdater:2872 - connection check result : 10
2025-06-10 22:29:45,280 [INFO] MainUpdater:3566 - Updater definition file requires update
2025-06-10 22:29:45,280 [INFO] MainUpdater:289 - Updater Check For Update Now.
2025-06-10 22:29:45,280 [INFO] MicroXplorer:498 - Change Database Version : DB.6.0.130
2025-06-10 22:29:45,316 [INFO] ServerAccessManage:473 - Download File updaters.zip
2025-06-10 22:29:45,328 [INFO] McuFinderGlobals:63 - Set McuFinder mode to 2 (CubeIDE integrated)
2025-06-10 22:29:45,328 [INFO] UserAuth:486 - Internet connection configuration mode: 1
2025-06-10 22:29:45,388 [INFO] JxBrowserEngine:152 - Initiate JxBrowser Engine with user profile folder
2025-06-10 22:29:45,430 [INFO] FileExtend:240 - Unzip File : updaters.zip
2025-06-10 22:29:45,430 [INFO] FileExtend:255 - Standard Zip Deflate
2025-06-10 22:29:45,925 [INFO] ServerAccessManage:473 - Download File PacksControlFlags.xml
2025-06-10 22:29:45,996 [INFO] ServerAccessManage:473 - Download File cubemx.pidx
2025-06-10 22:29:46,267 [WARN] MainUpdater:1193 - Updater busy. Cannot search thirdparties
2025-06-10 22:29:46,267 [INFO] ThirdPartyUpdaterWithRetryManager:96 - Updater plugin is busy. [1/15]
2025-06-10 22:29:46,673 [INFO] ServerAccessManage:473 - Download File STMicroelectronics.X-CUBE-MEMS1.pdsc
2025-06-10 22:29:46,982 [INFO] WebApp:168 - Instantiating new browser for Auth
2025-06-10 22:29:47,552 [INFO] WebApp:449 - Apply proxy settings
2025-06-10 22:29:47,552 [INFO] WebApp:534 - Chromium requires no authentication
2025-06-10 22:29:47,600 [INFO] WebApp:477 - Direct internet connection detected
2025-06-10 22:29:47,697 [INFO] WebApp:880 - Register for checkConnection events
2025-06-10 22:29:47,697 [INFO] WebApp:449 - Apply proxy settings
2025-06-10 22:29:47,697 [INFO] WebApp:534 - Chromium requires no authentication
2025-06-10 22:29:47,697 [INFO] WebApp:477 - Direct internet connection detected
2025-06-10 22:29:47,766 [INFO] WebApp:187 - Connection restablished
2025-06-10 22:29:48,507 [WARN] PackLoader:240 - Cannot read IP mode file for STMicroelectronics.X-CUBE-MEMS1.11.3.0
2025-06-10 22:29:48,509 [INFO] CheckServerUpdateThread:120 - End of CheckServer Thread
2025-06-10 22:29:48,597 [INFO] PopulateThirdPartyThread:66 - Ending populate Thread
2025-06-10 22:29:48,597 [INFO] ThirdParty:1030 - CMSIS Pack Vendor :STMicroelectronics X-CUBE-MEMS1 11.3.0
2025-06-10 22:29:48,597 [INFO] LoadServerUpdatesThread:375 - End of LoadServerUpdate Thread
2025-06-10 22:29:48,873 [INFO] WebApp:221 - Starting web application
2025-06-10 22:29:48,873 [INFO] WebApp:579 - Web application path used C:\ST\STM32CubeIDE_1.17.0\STM32CubeIDE\plugins\com.st.stm32cube.common.mx_6.13.0.202411220809\db\plugins\mcufinder\reactClient1\index.html
2025-06-10 22:29:49,078 [INFO] UserAuth:486 - Internet connection configuration mode: 1
2025-06-10 22:29:49,401 [WARN] PackLoader:240 - Cannot read IP mode file for STMicroelectronics.FP-SNS-MOTENVWB1.1.4.0
2025-06-10 22:29:49,410 [WARN] PackLoader:240 - Cannot read IP mode file for STMicroelectronics.FP-ATR-ASTRA1.2.0.2
2025-06-10 22:29:49,425 [WARN] PackLoader:240 - Cannot read IP mode file for STMicroelectronics.X-CUBE-SMBUS.2.1.0
2025-06-10 22:29:49,437 [WARN] PackLoader:240 - Cannot read IP mode file for STMicroelectronics.X-CUBE-WB05N.1.1.0
2025-06-10 22:29:49,449 [WARN] PackLoader:240 - Cannot read IP mode file for STMicroelectronics.X-CUBE-ST60.1.0.0
2025-06-10 22:29:49,470 [WARN] PackLoader:240 - Cannot read IP mode file for STMicroelectronics.X-CUBE-AZRTOS-F7.1.1.0
2025-06-10 22:29:49,473 [WARN] PackLoader:240 - Cannot read IP mode file for STMicroelectronics.FP-SNS-FLIGHT1.5.0.2
2025-06-10 22:29:49,498 [WARN] PackLoader:240 - Cannot read IP mode file for Infineon.AIROC-Wi-Fi-Bluetooth-STM32.1.7.0
2025-06-10 22:29:49,509 [WARN] PackLoader:240 - Cannot read IP mode file for STMicroelectronics.X-CUBE-DISPLAY.3.0.0
2025-06-10 22:29:49,531 [WARN] PackLoader:240 - Cannot read IP mode file for STMicroelectronics.X-CUBE-BLE1.7.0.0
2025-06-10 22:29:49,596 [WARN] PackLoader:240 - Cannot read IP mode file for STMicroelectronics.X-CUBE-NFC10.1.0.0
2025-06-10 22:29:49,611 [WARN] PackLoader:240 - Cannot read IP mode file for STMicroelectronics.X-CUBE-BLEMGR.4.0.0
2025-06-10 22:29:49,619 [WARN] PackLoader:240 - Cannot read IP mode file for emotas.I-CUBE-CANOPEN.1.3.0
2025-06-10 22:29:49,619 [WARN] ConditionMgr:438 - getConditionDescription Invalid condition id : Cortex-A Device cause : null
2025-06-10 22:29:49,643 [WARN] ConditionMgr:1044 - genDependencies : Invalid condition id : Cortex-A Device cause : null
2025-06-10 22:29:49,643 [WARN] ConditionMgr:1044 - genDependencies : Invalid condition id : Cortex-A Device cause : null
2025-06-10 22:29:49,643 [WARN] ConditionMgr:1044 - genDependencies : Invalid condition id : Cortex-A Device cause : null
2025-06-10 22:29:49,655 [WARN] PackLoader:240 - Cannot read IP mode file for STMicroelectronics.X-CUBE-AI.10.0.0
2025-06-10 22:29:49,693 [WARN] PackLoader:240 - Cannot read IP mode file for STMicroelectronics.FP-SNS-SMARTAG2.1.2.0
2025-06-10 22:29:49,693 [WARN] PackLoader:240 - Cannot read IP mode file for STMicroelectronics.FP-SNS-FLIGHT1.5.1.0
2025-06-10 22:29:49,724 [WARN] PackLoader:240 - Cannot read IP mode file for STMicroelectronics.X-CUBE-MEMS1.11.1.0
2025-06-10 22:29:49,796 [INFO] LogOutputStream:77 - [STDOUT_REDIRECT] 1 : Invalid condition id : UX_CORESTACK_Condition cause : null
2025-06-10 22:29:49,796 [INFO] LogOutputStream:77 - [STDOUT_REDIRECT] 1 : Invalid condition id : UX_CORESTACK_Condition cause : null
2025-06-10 22:29:49,797 [INFO] LogOutputStream:77 - [STDOUT_REDIRECT] 1 : Invalid condition id : UX_CORESTACK_Condition cause : null
2025-06-10 22:29:49,798 [INFO] LogOutputStream:77 - [STDOUT_REDIRECT] 1 : Invalid condition id : UX_CORESTACK_Condition cause : null
2025-06-10 22:29:49,799 [INFO] LogOutputStream:77 - [STDOUT_REDIRECT] 1 : Invalid condition id : UX_CORESTACK_Condition cause : null
2025-06-10 22:29:49,799 [WARN] PackLoader:240 - Cannot read IP mode file for STMicroelectronics.X-CUBE-AZRTOS-WL.2.0.0
2025-06-10 22:29:49,814 [WARN] PackLoader:240 - Cannot read IP mode file for STMicroelectronics.FP-SNS-MOTENV1.5.0.0
2025-06-10 22:29:49,829 [WARN] PackLoader:240 - Cannot read IP mode file for WES.I-CUBE-Cesium.1.3.0
2025-06-10 22:29:49,843 [WARN] PackLoader:240 - Cannot read IP mode file for STMicroelectronics.X-CUBE-BLE2.3.3.0
2025-06-10 22:29:49,892 [WARN] PackLoader:240 - Cannot read IP mode file for STMicroelectronics.X-CUBE-NFC9.1.0.0
2025-06-10 22:29:49,904 [WARN] PackLoader:240 - Cannot read IP mode file for wolfSSL.I-CUBE-wolfSSL.5.8.0
2025-06-10 22:29:49,916 [WARN] PackLoader:240 - Cannot read IP mode file for STMicroelectronics.X-CUBE-BLE1.7.1.0
2025-06-10 22:29:49,916 [WARN] PackLoader:240 - Cannot read IP mode file for wolfSSL.I-CUBE-wolfMQTT.1.19.2
2025-06-10 22:29:49,930 [WARN] PackLoader:240 - Cannot read IP mode file for STMicroelectronics.X-CUBE-AI.10.1.0
2025-06-10 22:29:49,958 [WARN] PackLoader:240 - Cannot read IP mode file for STMicroelectronics.X-CUBE-MEMS1.11.2.0
2025-06-10 22:29:50,053 [WARN] PackLoader:240 - Cannot read IP mode file for STMicroelectronics.X-CUBE-AZRTOS-G0.1.1.0
2025-06-10 22:29:50,068 [WARN] PackLoader:240 - Cannot read IP mode file for STMicroelectronics.X-CUBE-SAFEA1.1.2.2
2025-06-10 22:29:50,077 [WARN] PackLoader:240 - Cannot read IP mode file for STMicroelectronics.X-CUBE-NFC4.3.0.0
2025-06-10 22:29:50,095 [WARN] PackLoader:240 - Cannot read IP mode file for EmbeddedOffice.I-CUBE-FS-RTOS.1.0.1
2025-06-10 22:29:50,106 [WARN] PackLoader:240 - Cannot read IP mode file for STMicroelectronics.X-CUBE-WB05N.2.0.0
2025-06-10 22:29:50,111 [WARN] PackLoader:240 - Cannot read IP mode file for wolfSSL.I-CUBE-wolfTPM.3.8.0
2025-06-10 22:29:50,122 [WARN] PackLoader:240 - Cannot read IP mode file for STMicroelectronics.X-CUBE-TCPP.4.2.0
2025-06-10 22:29:50,134 [WARN] PackLoader:240 - Cannot read IP mode file for RealThread.X-CUBE-RT-Thread_Nano.4.1.1
2025-06-10 22:29:50,134 [WARN] PackLoader:240 - Cannot read IP mode file for STMicroelectronics.FP-ATR-SIGFOX1.3.2.0
2025-06-10 22:29:50,149 [WARN] ConditionMgr:438 - getConditionDescription Invalid condition id : Cortex-A Device cause : null
2025-06-10 22:29:50,158 [WARN] ConditionMgr:1044 - genDependencies : Invalid condition id : Cortex-A Device cause : null
2025-06-10 22:29:50,158 [WARN] ConditionMgr:1044 - genDependencies : Invalid condition id : Cortex-A Device cause : null
2025-06-10 22:29:50,158 [WARN] ConditionMgr:1044 - genDependencies : Invalid condition id : Cortex-A Device cause : null
2025-06-10 22:29:50,170 [WARN] PackLoader:240 - Cannot read IP mode file for STMicroelectronics.X-CUBE-EEPRMA1.5.1.0
2025-06-10 22:29:50,182 [WARN] PackLoader:240 - Cannot read IP mode file for wolfSSL.I-CUBE-wolfSSL.5.7.6
2025-06-10 22:29:50,194 [WARN] PackLoader:240 - Cannot read IP mode file for ITTIA_DB.I-CUBE-ITTIADB.8.9.0
2025-06-10 22:29:50,206 [WARN] PackLoader:240 - Cannot read IP mode file for STMicroelectronics.X-CUBE-ST67W61.1.0.0
2025-06-10 22:29:50,220 [WARN] PackLoader:240 - Cannot read IP mode file for SEGGER.I-CUBE-embOS.1.3.1
2025-06-10 22:29:50,250 [WARN] PackLoader:240 - Cannot read IP mode file for STMicroelectronics.X-CUBE-ALGOBUILD.1.4.0
2025-06-10 22:29:50,272 [WARN] PackLoader:240 - Cannot read IP mode file for STMicroelectronics.X-CUBE-MEMS1.11.3.0
2025-06-10 22:29:50,352 [WARN] PackLoader:240 - Cannot read IP mode file for STMicroelectronics.X-CUBE-AZRTOS-F4.1.1.0
2025-06-10 22:29:50,352 [WARN] PackLoader:240 - Cannot read IP mode file for Avnet-IotConnect.X-CUBE-IoTC-DA16k-PMOD.1.0.0
2025-06-10 22:29:50,368 [WARN] PackLoader:240 - Cannot read IP mode file for STMicroelectronics.X-CUBE-ISPU.2.1.0
2025-06-10 22:29:50,388 [WARN] PackLoader:240 - Cannot read IP mode file for STMicroelectronics.X-CUBE-AZRTOS-L5.2.0.0
2025-06-10 22:29:50,404 [WARN] PackLoader:240 - Cannot read IP mode file for STMicroelectronics.X-CUBE-NFC6.3.1.0
2025-06-10 22:29:50,418 [WARN] PackLoader:240 - Cannot read IP mode file for STMicroelectronics.X-CUBE-DPower.1.2.0
2025-06-10 22:29:50,432 [WARN] PackLoader:240 - Cannot read IP mode file for STMicroelectronics.X-CUBE-FREERTOS.1.3.1
2025-06-10 22:29:50,442 [WARN] PackLoader:240 - Cannot read IP mode file for STMicroelectronics.X-CUBE-FREERTOS.1.3.0
2025-06-10 22:29:50,454 [WARN] PackLoader:240 - Cannot read IP mode file for STMicroelectronics.X-CUBE-NFC7.1.0.1
2025-06-10 22:29:50,466 [WARN] PackLoader:240 - Cannot read IP mode file for STMicroelectronics.X-CUBE-DPower.1.3.0
2025-06-10 22:29:50,486 [WARN] ConditionMgr:438 - getConditionDescription Invalid condition id : LAN8742 Phy interface Condition cause : null
2025-06-10 22:29:50,486 [WARN] PackLoader:240 - Cannot read IP mode file for STMicroelectronics.X-CUBE-AZRTOS-L4.2.0.0
2025-06-10 22:29:50,487 [WARN] ConditionMgr:1044 - genDependencies : Invalid condition id : LAN8742 Phy interface Condition cause : null
2025-06-10 22:29:50,487 [WARN] ConditionMgr:1044 - genDependencies : Invalid condition id : LAN8742 Phy interface Condition cause : null
2025-06-10 22:29:50,487 [WARN] ConditionMgr:1044 - genDependencies : Invalid condition id : LAN8742 Phy interface Condition cause : null
2025-06-10 22:29:50,498 [WARN] PackLoader:240 - Cannot read IP mode file for STMicroelectronics.X-CUBE-SFXS2LP1.4.0.0
2025-06-10 22:29:50,517 [WARN] PackLoader:240 - Cannot read IP mode file for STMicroelectronics.X-CUBE-AZRTOS-H7.3.3.0
2025-06-10 22:29:50,534 [WARN] ConditionMgr:438 - getConditionDescription Invalid condition id : UX DEVICE CLASS RTOS Condition cause : null
2025-06-10 22:29:50,534 [WARN] ConditionMgr:438 - getConditionDescription Invalid condition id : UX DEVICE CLASS RTOS Condition cause : null
2025-06-10 22:29:50,535 [WARN] PackLoader:240 - Cannot read IP mode file for STMicroelectronics.X-CUBE-AZRTOS-WB.2.0.0
2025-06-10 22:29:50,535 [WARN] ConditionMgr:1044 - genDependencies : Invalid condition id : UX DEVICE CLASS RTOS Condition cause : null
2025-06-10 22:29:50,535 [WARN] ConditionMgr:1044 - genDependencies : Invalid condition id : UX DEVICE CLASS RTOS Condition cause : null
2025-06-10 22:29:50,536 [WARN] ConditionMgr:1044 - genDependencies : Invalid condition id : UX DEVICE CLASS RTOS Condition cause : null
2025-06-10 22:29:50,536 [WARN] ConditionMgr:1044 - genDependencies : Invalid condition id : UX DEVICE CLASS RTOS Condition cause : null
2025-06-10 22:29:50,536 [WARN] ConditionMgr:1044 - genDependencies : Invalid condition id : UX DEVICE CLASS RTOS Condition cause : null
2025-06-10 22:29:50,547 [WARN] PackLoader:240 - Cannot read IP mode file for STMicroelectronics.X-CUBE-GNSS1.7.0.1
2025-06-10 22:29:50,558 [WARN] PackLoader:240 - Cannot read IP mode file for STMicroelectronics.X-CUBE-TOUCHGFX.4.25.0
2025-06-10 22:29:50,570 [WARN] PackLoader:240 - Cannot read IP mode file for STMicroelectronics.FP-SNS-STBOX1.2.0.0
2025-06-10 22:29:50,585 [WARN] PackLoader:240 - Cannot read IP mode file for STMicroelectronics.X-CUBE-SUBG2.5.0.0
2025-06-10 22:29:50,609 [WARN] PackLoader:240 - Cannot read IP mode file for STMicroelectronics.X-CUBE-AZRTOS-H7RS.1.1.0
2025-06-10 22:29:50,613 [WARN] PackLoader:240 - Cannot read IP mode file for Cesanta.I-CUBE-Mongoose.7.13.0
2025-06-10 22:29:50,630 [WARN] PackLoader:240 - Cannot read IP mode file for STMicroelectronics.X-CUBE-AZRTOS-G4.2.0.0
2025-06-10 22:29:50,652 [WARN] PackLoader:240 - Cannot read IP mode file for wolfSSL.I-CUBE-wolfSSH.1.4.20
2025-06-10 22:29:50,663 [WARN] PackLoader:240 - Cannot read IP mode file for STMicroelectronics.X-CUBE-NFC7.2.0.0
2025-06-10 22:29:50,675 [WARN] PackLoader:240 - Cannot read IP mode file for STMicroelectronics.X-CUBE-IPS.3.1.0
2025-06-10 22:29:50,687 [WARN] PackLoader:240 - Cannot read IP mode file for STMicroelectronics.X-CUBE-ALS.1.0.2
2025-06-10 22:29:50,699 [WARN] PackLoader:240 - Cannot read IP mode file for STMicroelectronics.X-CUBE-TOUCHGFX.4.24.2
2025-06-10 22:29:50,710 [WARN] PackLoader:240 - Cannot read IP mode file for portGmbH.I-Cube-SoM-uGOAL.1.1.0
2025-06-10 22:29:50,730 [WARN] PackLoader:240 - Cannot read IP mode file for STMicroelectronics.X-CUBE-AZRTOS-H7RS.1.0.0
2025-06-10 22:29:50,744 [WARN] PackLoader:240 - Cannot read IP mode file for STMicroelectronics.X-CUBE-TOF1.3.4.2
2025-06-10 22:29:50,761 [WARN] PackLoader:240 - Cannot read IP mode file for STMicroelectronics.X-CUBE-TOF1.3.4.3
2025-06-10 22:29:50,766 [INFO] ThirdParty:978 - Integrity check success = true
2025-06-10 22:29:50,766 [INFO] IntegrityCheckThread:100 - exiting critical section [integrity check]
2025-06-10 22:29:50,766 [INFO] IntegrityCheckThread:103 - End integrity checks thread
2025-06-10 23:16:54,884 [ERROR] LogOutputStream:75 - [STDERR_REDIRECT] 
2025-06-10 23:16:54,887 [ERROR] LogOutputStream:75 - [STDERR_REDIRECT] 
